c:\users\yunding\desktop\cse 674\hw2\hw2\debug\vc140.pdb
c:\users\yunding\desktop\cse 674\hw2\hw2\debug\vc140.idb
c:\users\yunding\desktop\cse 674\hw2\hw2\debug\minheap.obj
c:\users\yunding\desktop\cse 674\hw2\hw2\debug\pq.obj
c:\users\yunding\desktop\cse 674\hw2\hw2\debug\operation.obj
c:\users\yunding\desktop\cse 674\hw2\hw2\debug\leonardoheap.obj
c:\users\yunding\desktop\cse 674\hw2\hw2\debug\smoothsort.obj
c:\users\yunding\desktop\cse 674\hw2\debug\hw2.pdb
c:\users\yunding\desktop\cse 674\hw2\hw2\debug\hw2.tlog\cl.command.1.tlog
c:\users\yunding\desktop\cse 674\hw2\hw2\debug\hw2.tlog\cl.read.1.tlog
c:\users\yunding\desktop\cse 674\hw2\hw2\debug\hw2.tlog\cl.write.1.tlog
c:\users\yunding\desktop\cse 674\hw2\hw2\debug\hw2.tlog\link.19928-cvtres.read.1.tlog
c:\users\yunding\desktop\cse 674\hw2\hw2\debug\hw2.tlog\link.19928-cvtres.write.1.tlog
c:\users\yunding\desktop\cse 674\hw2\hw2\debug\hw2.tlog\link.19928-rc.read.1.tlog
c:\users\yunding\desktop\cse 674\hw2\hw2\debug\hw2.tlog\link.19928-rc.write.1.tlog
c:\users\yunding\desktop\cse 674\hw2\hw2\debug\hw2.tlog\link.19928.read.1.tlog
c:\users\yunding\desktop\cse 674\hw2\hw2\debug\hw2.tlog\link.19928.write.1.tlog
c:\users\yunding\desktop\cse 674\hw2\hw2\debug\hw2.tlog\link.command.1.tlog
c:\users\yunding\desktop\cse 674\hw2\hw2\debug\hw2.tlog\link.read.1.tlog
c:\users\yunding\desktop\cse 674\hw2\hw2\debug\hw2.tlog\link.write.1.tlog
