c:\users\yunding\desktop\cse 674\hw3\hw3\hw3\debug\vc140.pdb
c:\users\yunding\desktop\cse 674\hw3\hw3\hw3\debug\vc140.idb
c:\users\yunding\desktop\cse 674\hw3\hw3\hw3\debug\bst.obj
c:\users\yunding\desktop\cse 674\hw3\hw3\hw3\debug\2dtree.obj
c:\users\yunding\desktop\cse 674\hw3\hw3\hw3\debug\main.obj
c:\users\yunding\desktop\cse 674\hw3\hw3\debug\hw3.ilk
c:\users\yunding\desktop\cse 674\hw3\hw3\debug\hw3.exe
c:\users\yunding\desktop\cse 674\hw3\hw3\debug\hw3.pdb
c:\users\yunding\desktop\cse 674\hw3\hw3\hw3\debug\hw3.tlog\cl.command.1.tlog
c:\users\yunding\desktop\cse 674\hw3\hw3\hw3\debug\hw3.tlog\cl.read.1.tlog
c:\users\yunding\desktop\cse 674\hw3\hw3\hw3\debug\hw3.tlog\cl.write.1.tlog
c:\users\yunding\desktop\cse 674\hw3\hw3\hw3\debug\hw3.tlog\link.23272-cvtres.read.1.tlog
c:\users\yunding\desktop\cse 674\hw3\hw3\hw3\debug\hw3.tlog\link.23272-cvtres.write.1.tlog
c:\users\yunding\desktop\cse 674\hw3\hw3\hw3\debug\hw3.tlog\link.23272-rc.read.1.tlog
c:\users\yunding\desktop\cse 674\hw3\hw3\hw3\debug\hw3.tlog\link.23272-rc.write.1.tlog
c:\users\yunding\desktop\cse 674\hw3\hw3\hw3\debug\hw3.tlog\link.23272.read.1.tlog
c:\users\yunding\desktop\cse 674\hw3\hw3\hw3\debug\hw3.tlog\link.23272.write.1.tlog
c:\users\yunding\desktop\cse 674\hw3\hw3\hw3\debug\hw3.tlog\link.command.1.tlog
c:\users\yunding\desktop\cse 674\hw3\hw3\hw3\debug\hw3.tlog\link.read.1.tlog
c:\users\yunding\desktop\cse 674\hw3\hw3\hw3\debug\hw3.tlog\link.write.1.tlog
